<?xml version="1.0" encoding="UTF-8"?>
<!-- Generated by org.testng.reporters.JUnitXMLReporter -->
<testsuite hostname="LAPTOP-3N63N73N" ignored="0" name="Test" tests="1" failures="0" timestamp="2022-07-14T18:14:30 IST" time="8.723" errors="0">
  <testcase name="@BeforeClass Open_Browser" time="8.659" classname="generic.Base_Class">
    <failure type="org.openqa.selenium.SessionNotCreatedException" message="session not created: This version of ChromeDriver only supports Chrome version 99
Current browser version is 103.0.5060.114 with binary path C:\Program Files\Google\Chrome\Application\chrome.exe
Build info: version: &amp;apos;3.141.59&amp;apos;, revision: &amp;apos;e82be7d358&amp;apos;, time: &amp;apos;2018-11-14T08:17:03&amp;apos;
System info: host: &amp;apos;LAPTOP-3N63N73N&amp;apos;, ip: &amp;apos;192.168.1.17&amp;apos;, os.name: &amp;apos;Windows 10&amp;apos;, os.arch: &amp;apos;amd64&amp;apos;, os.version: &amp;apos;10.0&amp;apos;, java.version: &amp;apos;1.8.0_121&amp;apos;
Driver info: driver.version: ChromeDriver
remote stacktrace: Backtrace:
	Ordinal0 [0x010F9943+2595139]
	Ordinal0 [0x0108C9F1+2148849]
	Ordinal0 [0x00F84528+1066280]
	Ordinal0 [0x00FA42C3+1196739]
	Ordinal0 [0x00F9FE37+1179191]
	Ordinal0 [0x00F9D6F1+1169137]
	Ordinal0 [0x00FD0530+1377584]
	Ordinal0 [0x00FD018A+1376650]
	Ordinal0 [0x00FCB806+1357830]
	Ordinal0 [0x00FA6086+1204358]
	Ordinal0 [0x00FA6F96+1208214]
	GetHandleVerifier [0x0129B232+1658114]
	GetHandleVerifier [0x0135312C+2411516]
	GetHandleVerifier [0x0118F261+560433]
	GetHandleVerifier [0x0118E366+556598]
	Ordinal0 [0x0109286B+2173035]
	Ordinal0 [0x010975F8+2192888]
	Ordinal0 [0x010976E5+2193125]
	Ordinal0 [0x010A11FC+2232828]
	BaseThreadInitThunk [0x763FFA29+25]
	RtlGetAppContainerNamedObjectPath [0x77367A9E+286]
	RtlGetAppContainerNamedObjectPath [0x77367A6E+238]
">
      <![CDATA[org.openqa.selenium.SessionNotCreatedException: session not created: This version of ChromeDriver only supports Chrome version 99
Current browser version is 103.0.5060.114 with binary path C:\Program Files\Google\Chrome\Application\chrome.exe
Build info: version: '3.141.59', revision: 'e82be7d358', time: '2018-11-14T08:17:03'
System info: host: 'LAPTOP-3N63N73N', ip: '192.168.1.17', os.name: 'Windows 10', os.arch: 'amd64', os.version: '10.0', java.version: '1.8.0_121'
Driver info: driver.version: ChromeDriver
remote stacktrace: Backtrace:
Ordinal0 [0x010F9943+2595139]
Ordinal0 [0x0108C9F1+2148849]
Ordinal0 [0x00F84528+1066280]
Ordinal0 [0x00FA42C3+1196739]
Ordinal0 [0x00F9FE37+1179191]
Ordinal0 [0x00F9D6F1+1169137]
Ordinal0 [0x00FD0530+1377584]
Ordinal0 [0x00FD018A+1376650]
Ordinal0 [0x00FCB806+1357830]
Ordinal0 [0x00FA6086+1204358]
Ordinal0 [0x00FA6F96+1208214]
GetHandleVerifier [0x0129B232+1658114]
GetHandleVerifier [0x0135312C+2411516]
GetHandleVerifier [0x0118F261+560433]
GetHandleVerifier [0x0118E366+556598]
Ordinal0 [0x0109286B+2173035]
Ordinal0 [0x010975F8+2192888]
Ordinal0 [0x010976E5+2193125]
Ordinal0 [0x010A11FC+2232828]
BaseThreadInitThunk [0x763FFA29+25]
RtlGetAppContainerNamedObjectPath [0x77367A9E+286]
RtlGetAppContainerNamedObjectPath [0x77367A6E+238]

at org.openqa.selenium.remote.W3CHandshakeResponse.lambda$errorHandler$0(W3CHandshakeResponse.java:62)
at org.openqa.selenium.remote.HandshakeResponse.lambda$getResponseFunction$0(HandshakeResponse.java:30)
at org.openqa.selenium.remote.ProtocolHandshake.lambda$createSession$0(ProtocolHandshake.java:126)
at java.util.stream.ReferencePipeline$3$1.accept(ReferencePipeline.java:193)
at java.util.Spliterators$ArraySpliterator.tryAdvance(Spliterators.java:958)
at java.util.stream.ReferencePipeline.forEachWithCancel(ReferencePipeline.java:126)
at java.util.stream.AbstractPipeline.copyIntoWithCancel(AbstractPipeline.java:498)
at java.util.stream.AbstractPipeline.copyInto(AbstractPipeline.java:485)
at java.util.stream.AbstractPipeline.wrapAndCopyInto(AbstractPipeline.java:471)
at java.util.stream.FindOps$FindOp.evaluateSequential(FindOps.java:152)
at java.util.stream.AbstractPipeline.evaluate(AbstractPipeline.java:234)
at java.util.stream.ReferencePipeline.findFirst(ReferencePipeline.java:464)
at org.openqa.selenium.remote.ProtocolHandshake.createSession(ProtocolHandshake.java:128)
at org.openqa.selenium.remote.ProtocolHandshake.createSession(ProtocolHandshake.java:74)
at org.openqa.selenium.remote.HttpCommandExecutor.execute(HttpCommandExecutor.java:136)
at org.openqa.selenium.remote.service.DriverCommandExecutor.execute(DriverCommandExecutor.java:83)
at org.openqa.selenium.remote.RemoteWebDriver.execute(RemoteWebDriver.java:552)
at org.openqa.selenium.remote.RemoteWebDriver.startSession(RemoteWebDriver.java:213)
at org.openqa.selenium.remote.RemoteWebDriver.<init>(RemoteWebDriver.java:131)
at org.openqa.selenium.chrome.ChromeDriver.<init>(ChromeDriver.java:181)
at org.openqa.selenium.chrome.ChromeDriver.<init>(ChromeDriver.java:168)
at org.openqa.selenium.chrome.ChromeDriver.<init>(ChromeDriver.java:123)
at generic.Base_Class.Open_Browser(Base_Class.java:34)
at java.util.ArrayList.forEach(ArrayList.java:1249)
... Removed 29 stack frames]]>
    </failure>
  </testcase> <!-- @BeforeClass Open_Browser -->
  <testcase name="@AfterClass CloseApp" time="0.0" classname="generic.Base_Class">
    <failure type="java.lang.NullPointerException">
      <![CDATA[java.lang.NullPointerException
at generic.Base_Class.CloseApp(Base_Class.java:82)
at java.util.ArrayList.forEach(ArrayList.java:1249)
... Removed 25 stack frames]]>
    </failure>
  </testcase> <!-- @AfterClass CloseApp -->
  <testcase name="Home_Functional" time="0.0" classname="Functional_Test.Home_01_Test">
    <skipped/>
  </testcase> <!-- Home_Functional -->
</testsuite> <!-- Test -->
