<?xml version="1.0" encoding="UTF-8"?>
<!-- Generated by org.testng.reporters.JUnitXMLReporter -->
<testsuite hostname="LAPTOP-3N63N73N" ignored="0" name="Test123456" tests="9" failures="1" timestamp="2022-07-08T18:33:04 IST" time="1960.185" errors="0">
  <testcase name="Home_Functional" time="744.185" classname="Functional_Test.Home_01_Test">
    <failure type="org.openqa.selenium.ElementClickInterceptedException" message="element click intercepted: Element &amp;lt;span itemprop=&amp;quot;name&amp;quot;&amp;gt;...&amp;lt;/span&amp;gt; is not clickable at point (55, 9). Other element would receive the click: &amp;lt;img src=&amp;quot;/images/logo-black.svg&amp;quot; alt=&amp;quot;SCUBE LOGO&amp;quot;&amp;gt;
  (Session info: chrome=103.0.5060.114)
Build info: version: &amp;apos;3.141.59&amp;apos;, revision: &amp;apos;e82be7d358&amp;apos;, time: &amp;apos;2018-11-14T08:17:03&amp;apos;
System info: host: &amp;apos;LAPTOP-3N63N73N&amp;apos;, ip: &amp;apos;192.168.1.17&amp;apos;, os.name: &amp;apos;Windows 10&amp;apos;, os.arch: &amp;apos;amd64&amp;apos;, os.version: &amp;apos;10.0&amp;apos;, java.version: &amp;apos;1.8.0_121&amp;apos;
Driver info: org.openqa.selenium.chrome.ChromeDriver
Capabilities {acceptInsecureCerts: false, browserName: chrome, browserVersion: 103.0.5060.114, chrome: {chromedriverVersion: 103.0.5060.53 (a1711811edd7..., userDataDir: C:\Users\Vikranth\AppData\L...}, goog:chromeOptions: {debuggerAddress: localhost:55496}, javascriptEnabled: true, networkConnectionEnabled: false, pageLoadStrategy: normal, platform: WINDOWS, platformName: WINDOWS, proxy: Proxy(), setWindowRect: true, strictFileInteractability: false, timeouts: {implicit: 0, pageLoad: 300000, script: 30000}, unhandledPromptBehavior: dismiss and notify, webauthn:extension:credBlob: true, webauthn:extension:largeBlob: true, webauthn:virtualAuthenticators: true}
Session ID: 16e40800b1445a9bdab04fae9dfbaa90">
      <![CDATA[org.openqa.selenium.ElementClickInterceptedException: element click intercepted: Element <span itemprop="name">...</span> is not clickable at point (55, 9). Other element would receive the click: <img src="/images/logo-black.svg" alt="SCUBE LOGO">
  (Session info: chrome=103.0.5060.114)
Build info: version: '3.141.59', revision: 'e82be7d358', time: '2018-11-14T08:17:03'
System info: host: 'LAPTOP-3N63N73N', ip: '192.168.1.17', os.name: 'Windows 10', os.arch: 'amd64', os.version: '10.0', java.version: '1.8.0_121'
Driver info: org.openqa.selenium.chrome.ChromeDriver
Capabilities {acceptInsecureCerts: false, browserName: chrome, browserVersion: 103.0.5060.114, chrome: {chromedriverVersion: 103.0.5060.53 (a1711811edd7..., userDataDir: C:\Users\Vikranth\AppData\L...}, goog:chromeOptions: {debuggerAddress: localhost:55496}, javascriptEnabled: true, networkConnectionEnabled: false, pageLoadStrategy: normal, platform: WINDOWS, platformName: WINDOWS, proxy: Proxy(), setWindowRect: true, strictFileInteractability: false, timeouts: {implicit: 0, pageLoad: 300000, script: 30000}, unhandledPromptBehavior: dismiss and notify, webauthn:extension:credBlob: true, webauthn:extension:largeBlob: true, webauthn:virtualAuthenticators: true}
Session ID: 16e40800b1445a9bdab04fae9dfbaa90
at org.openqa.selenium.remote.http.W3CHttpResponseCodec.createException(W3CHttpResponseCodec.java:187)
at org.openqa.selenium.remote.http.W3CHttpResponseCodec.decode(W3CHttpResponseCodec.java:122)
at org.openqa.selenium.remote.http.W3CHttpResponseCodec.decode(W3CHttpResponseCodec.java:49)
at org.openqa.selenium.remote.HttpCommandExecutor.execute(HttpCommandExecutor.java:158)
at org.openqa.selenium.remote.service.DriverCommandExecutor.execute(DriverCommandExecutor.java:83)
at org.openqa.selenium.remote.RemoteWebDriver.execute(RemoteWebDriver.java:552)
at org.openqa.selenium.remote.RemoteWebElement.execute(RemoteWebElement.java:285)
at org.openqa.selenium.remote.RemoteWebElement.click(RemoteWebElement.java:84)
at org.openqa.selenium.support.pagefactory.internal.LocatingElementHandler.invoke(LocatingElementHandler.java:51)
at com.sun.proxy.$Proxy13.click(Unknown Source)
at generic.UtilityMethods.clickElement(UtilityMethods.java:32)
at POM_Repository.Homepage.homeicon(Homepage.java:21)
at Functional_Test.Home_01_Test.Home_Functional(Home_01_Test.java:370)
at java.util.ArrayList.forEach(ArrayList.java:1249)
... Removed 34 stack frames]]>
    </failure>
  </testcase> <!-- Home_Functional -->
  <testcase name="Home_Functional" time="636.586" classname="Functional_Test.Executive_card_Test"/>
  <testcase name="Home_Functional" time="65.82" classname="Functional_Test.White_card_Test"/>
  <testcase name="Home_Functional" time="51.488" classname="Functional_Test.Premium_card_test"/>
  <testcase name="Home_Functional" time="56.468" classname="Functional_Test.Executive_Order_test"/>
  <testcase name="Home_Functional" time="143.008" classname="Functional_Test.Pops_Order_Test"/>
  <testcase name="trackorder" time="12.372" classname="Functional_Test.Track_order"/>
  <testcase name="supports" time="15.994" classname="Functional_Test.support"/>
  <testcase name="Home_Functional" time="51.189" classname="Functional_Test.Click_here_Test"/>
</testsuite> <!-- Test123456 -->
